<?xml version="1.0" encoding="UTF-8"?>
<!-- Generated by org.testng.reporters.JUnitReportReporter -->
<testsuite hostname="Dinesh-PC" name="regression.AjaxDemo" tests="1" failures="0" timestamp="4 Mar 2016 08:08:30 GMT" time="91.635" errors="0">
  <testcase name="testAjax" time="91.635" classname="regression.AjaxDemo"/>
</testsuite> <!-- regression.AjaxDemo -->
