<?xml version="1.0" encoding="UTF-8"?>
<!-- Generated by org.testng.reporters.JUnitReportReporter -->
<testsuite hostname="Dinesh-PC" name="regression.AjaxDemo" tests="1" failures="0" timestamp="15 Feb 2016 14:24:23 GMT" time="32.987" errors="0">
  <testcase name="testAjax" time="32.987" classname="regression.AjaxDemo"/>
</testsuite> <!-- regression.AjaxDemo -->
