<?xml version="1.0" encoding="UTF-8"?>
<!-- Generated by org.testng.reporters.JUnitReportReporter -->
<testsuite hostname="Dinesh-PC" name="AjaxDemo" tests="1" failures="0" timestamp="15 Feb 2016 06:13:57 GMT" time="38.124" errors="0">
  <testcase name="testAjax" time="38.124" classname="AjaxDemo"/>
</testsuite> <!-- AjaxDemo -->
